<?xml version="1.0" encoding="UTF-8"?>
<testng-results skipped="0" failed="1" ignored="0" total="4" passed="3">
  <reporter-output>
    <line>
      <![CDATA[All test started]]>
    </line>
    <line>
      <![CDATA[Starting test isverfiyFlightSearchTitleTest]]>
    </line>
    <line>
      <![CDATA[Test failed verfiyFlightSearchTitleTest]]>
    </line>
    <line>
      <![CDATA[Starting test issearchFlightsTest]]>
    </line>
    <line>
      <![CDATA[Test passed issearchFlightsTest]]>
    </line>
    <line>
      <![CDATA[Starting test issearchFlightsTest]]>
    </line>
    <line>
      <![CDATA[Test passed issearchFlightsTest]]>
    </line>
    <line>
      <![CDATA[Starting test issearchFlightsTest]]>
    </line>
    <line>
      <![CDATA[Test passed issearchFlightsTest]]>
    </line>
  </reporter-output>
  <suite name="Suite" duration-ms="79940" started-at="2020-11-20T22:31:35 IST" finished-at="2020-11-20T22:32:55 IST">
    <groups>
    </groups>
    <test name="TestNGTest" duration-ms="79940" started-at="2020-11-20T22:31:35 IST" finished-at="2020-11-20T22:32:55 IST">
      <class name="com.app.qa.TestNGTests.FlightSearchTestNG1">
        <test-method status="PASS" signature="setup()[pri:0, instance:com.app.qa.TestNGTests.FlightSearchTestNG1@38e79ae3]" name="setup" is-config="true" duration-ms="17593" started-at="2020-11-20T22:31:35 IST" finished-at="2020-11-20T22:31:53 IST">
          <reporter-output>
          </reporter-output>
        </test-method> <!-- setup -->
        <test-method status="FAIL" signature="verfiyFlightSearchTitleTest()[pri:1, instance:com.app.qa.TestNGTests.FlightSearchTestNG1@38e79ae3]" name="verfiyFlightSearchTitleTest" duration-ms="21" started-at="2020-11-20T22:31:53 IST" finished-at="2020-11-20T22:31:53 IST">
          <exception class="java.lang.AssertionError">
            <message>
              <![CDATA[expected [Online flight booking, Hotels, Bus &amp; Holiday Packages at Goibib] but found [Goibibo - Best Travel Website. Book Hotels, Flights, Trains, Bus and Cabs with upto 50% off]]]>
            </message>
            <full-stacktrace>
              <![CDATA[java.lang.AssertionError: expected [Online flight booking, Hotels, Bus &amp; Holiday Packages at Goibib] but found [Goibibo - Best Travel Website. Book Hotels, Flights, Trains, Bus and Cabs with upto 50% off]
at org.testng.Assert.fail(Assert.java:99)
at org.testng.Assert.failNotEquals(Assert.java:1037)
at org.testng.Assert.assertEqualsImpl(Assert.java:140)
at org.testng.Assert.assertEquals(Assert.java:122)
at org.testng.Assert.assertEquals(Assert.java:629)
at org.testng.Assert.assertEquals(Assert.java:639)
at com.app.qa.TestNGTests.FlightSearchTestNG1.verfiyFlightSearchTitleTest(FlightSearchTestNG1.java:47)
at sun.reflect.NativeMethodAccessorImpl.invoke0(Native Method)
at sun.reflect.NativeMethodAccessorImpl.invoke(Unknown Source)
at sun.reflect.DelegatingMethodAccessorImpl.invoke(Unknown Source)
at java.lang.reflect.Method.invoke(Unknown Source)
at org.testng.internal.MethodInvocationHelper.invokeMethod(MethodInvocationHelper.java:132)
at org.testng.internal.TestInvoker.invokeMethod(TestInvoker.java:599)
at org.testng.internal.TestInvoker.invokeTestMethod(TestInvoker.java:174)
at org.testng.internal.MethodRunner.runInSequence(MethodRunner.java:46)
at org.testng.internal.TestInvoker$MethodInvocationAgent.invoke(TestInvoker.java:822)
at org.testng.internal.TestInvoker.invokeTestMethods(TestInvoker.java:147)
at org.testng.internal.TestMethodWorker.invokeTestMethods(TestMethodWorker.java:146)
at org.testng.internal.TestMethodWorker.run(TestMethodWorker.java:128)
at java.util.ArrayList.forEach(Unknown Source)
at org.testng.TestRunner.privateRun(TestRunner.java:764)
at org.testng.TestRunner.run(TestRunner.java:585)
at org.testng.SuiteRunner.runTest(SuiteRunner.java:384)
at org.testng.SuiteRunner.runSequentially(SuiteRunner.java:378)
at org.testng.SuiteRunner.privateRun(SuiteRunner.java:337)
at org.testng.SuiteRunner.run(SuiteRunner.java:286)
at org.testng.SuiteRunnerWorker.runSuite(SuiteRunnerWorker.java:53)
at org.testng.SuiteRunnerWorker.run(SuiteRunnerWorker.java:96)
at org.testng.TestNG.runSuitesSequentially(TestNG.java:1218)
at org.testng.TestNG.runSuitesLocally(TestNG.java:1140)
at org.testng.TestNG.runSuites(TestNG.java:1069)
at org.testng.TestNG.run(TestNG.java:1037)
at org.testng.remote.AbstractRemoteTestNG.run(AbstractRemoteTestNG.java:115)
at org.testng.remote.RemoteTestNG.initAndRun(RemoteTestNG.java:251)
at org.testng.remote.RemoteTestNG.main(RemoteTestNG.java:77)
]]>
            </full-stacktrace>
          </exception> <!-- java.lang.AssertionError -->
          <reporter-output>
            <line>
              <![CDATA[Starting test isverfiyFlightSearchTitleTest]]>
            </line>
            <line>
              <![CDATA[Test failed verfiyFlightSearchTitleTest]]>
            </line>
          </reporter-output>
        </test-method> <!-- verfiyFlightSearchTitleTest -->
        <test-method status="PASS" signature="tearDown()[pri:0, instance:com.app.qa.TestNGTests.FlightSearchTestNG1@38e79ae3]" name="tearDown" is-config="true" duration-ms="2971" started-at="2020-11-20T22:31:54 IST" finished-at="2020-11-20T22:31:57 IST">
          <reporter-output>
          </reporter-output>
        </test-method> <!-- tearDown -->
        <test-method status="PASS" signature="setup()[pri:0, instance:com.app.qa.TestNGTests.FlightSearchTestNG1@38e79ae3]" name="setup" is-config="true" duration-ms="14302" started-at="2020-11-20T22:31:57 IST" finished-at="2020-11-20T22:32:12 IST">
          <reporter-output>
          </reporter-output>
        </test-method> <!-- setup -->
        <test-method status="PASS" signature="searchFlightsTest(java.lang.String, java.lang.String)[pri:2, instance:com.app.qa.TestNGTests.FlightSearchTestNG1@38e79ae3]" name="searchFlightsTest" duration-ms="1829" started-at="2020-11-20T22:32:12 IST" data-provider="getOriginDestDataTest" finished-at="2020-11-20T22:32:14 IST">
          <params>
            <param index="0">
              <value>
                <![CDATA[mum]]>
              </value>
            </param>
            <param index="1">
              <value>
                <![CDATA[del]]>
              </value>
            </param>
          </params>
          <reporter-output>
            <line>
              <![CDATA[Starting test issearchFlightsTest]]>
            </line>
            <line>
              <![CDATA[Test passed issearchFlightsTest]]>
            </line>
          </reporter-output>
        </test-method> <!-- searchFlightsTest -->
        <test-method status="PASS" signature="tearDown()[pri:0, instance:com.app.qa.TestNGTests.FlightSearchTestNG1@38e79ae3]" name="tearDown" is-config="true" duration-ms="3352" started-at="2020-11-20T22:32:14 IST" finished-at="2020-11-20T22:32:17 IST">
          <reporter-output>
          </reporter-output>
        </test-method> <!-- tearDown -->
        <test-method status="PASS" signature="setup()[pri:0, instance:com.app.qa.TestNGTests.FlightSearchTestNG1@38e79ae3]" name="setup" is-config="true" duration-ms="14657" started-at="2020-11-20T22:32:17 IST" finished-at="2020-11-20T22:32:32 IST">
          <reporter-output>
          </reporter-output>
        </test-method> <!-- setup -->
        <test-method status="PASS" signature="searchFlightsTest(java.lang.String, java.lang.String)[pri:2, instance:com.app.qa.TestNGTests.FlightSearchTestNG1@38e79ae3]" name="searchFlightsTest" duration-ms="1859" started-at="2020-11-20T22:32:32 IST" data-provider="getOriginDestDataTest" finished-at="2020-11-20T22:32:33 IST">
          <params>
            <param index="0">
              <value>
                <![CDATA[mum]]>
              </value>
            </param>
            <param index="1">
              <value>
                <![CDATA[new york]]>
              </value>
            </param>
          </params>
          <reporter-output>
            <line>
              <![CDATA[Starting test issearchFlightsTest]]>
            </line>
            <line>
              <![CDATA[Test passed issearchFlightsTest]]>
            </line>
          </reporter-output>
        </test-method> <!-- searchFlightsTest -->
        <test-method status="PASS" signature="tearDown()[pri:0, instance:com.app.qa.TestNGTests.FlightSearchTestNG1@38e79ae3]" name="tearDown" is-config="true" duration-ms="3186" started-at="2020-11-20T22:32:33 IST" finished-at="2020-11-20T22:32:37 IST">
          <reporter-output>
          </reporter-output>
        </test-method> <!-- tearDown -->
        <test-method status="PASS" signature="setup()[pri:0, instance:com.app.qa.TestNGTests.FlightSearchTestNG1@38e79ae3]" name="setup" is-config="true" duration-ms="13696" started-at="2020-11-20T22:32:37 IST" finished-at="2020-11-20T22:32:50 IST">
          <reporter-output>
          </reporter-output>
        </test-method> <!-- setup -->
        <test-method status="PASS" signature="searchFlightsTest(java.lang.String, java.lang.String)[pri:2, instance:com.app.qa.TestNGTests.FlightSearchTestNG1@38e79ae3]" name="searchFlightsTest" duration-ms="1832" started-at="2020-11-20T22:32:50 IST" data-provider="getOriginDestDataTest" finished-at="2020-11-20T22:32:52 IST">
          <params>
            <param index="0">
              <value>
                <![CDATA[del]]>
              </value>
            </param>
            <param index="1">
              <value>
                <![CDATA[dubai]]>
              </value>
            </param>
          </params>
          <reporter-output>
            <line>
              <![CDATA[Starting test issearchFlightsTest]]>
            </line>
            <line>
              <![CDATA[Test passed issearchFlightsTest]]>
            </line>
          </reporter-output>
        </test-method> <!-- searchFlightsTest -->
        <test-method status="PASS" signature="tearDown()[pri:0, instance:com.app.qa.TestNGTests.FlightSearchTestNG1@38e79ae3]" name="tearDown" is-config="true" duration-ms="3218" started-at="2020-11-20T22:32:52 IST" finished-at="2020-11-20T22:32:55 IST">
          <reporter-output>
          </reporter-output>
        </test-method> <!-- tearDown -->
      </class> <!-- com.app.qa.TestNGTests.FlightSearchTestNG1 -->
    </test> <!-- TestNGTest -->
  </suite> <!-- Suite -->
</testng-results>
